<html>
<head>
<title>TestNG:  Test</title>
<link href="../testng.css" rel="stylesheet" type="text/css" />
<link href="../my-testng.css" rel="stylesheet" type="text/css" />

<style type="text/css">
.log { display: none;} 
.stack-trace { display: none;} 
</style>
<script type="text/javascript">
<!--
function flip(e) {
  current = e.style.display;
  if (current == 'block') {
    e.style.display = 'none';
    return 0;
  }
  else {
    e.style.display = 'block';
    return 1;
  }
}

function toggleBox(szDivId, elem, msg1, msg2)
{
  var res = -1;  if (document.getElementById) {
    res = flip(document.getElementById(szDivId));
  }
  else if (document.all) {
    // this is the way old msie versions work
    res = flip(document.all[szDivId]);
  }
  if(elem) {
    if(res == 0) elem.innerHTML = msg1; else elem.innerHTML = msg2;
  }

}

function toggleAllBoxes() {
  if (document.getElementsByTagName) {
    d = document.getElementsByTagName('div');
    for (i = 0; i < d.length; i++) {
      if (d[i].className == 'log') {
        flip(d[i]);
      }
    }
  }
}

// -->
</script>

</head>
<body>
<h2 align='center'>Test</h2><table border='1' align="center">
<tr>
<td>Tests passed/Failed/Skipped:</td><td>5/2/0</td>
</tr><tr>
<td>Started on:</td><td>Sun May 05 19:01:48 IST 2024</td>
</tr>
<tr><td>Total time:</td><td>140 seconds (140823 ms)</td>
</tr><tr>
<td>Included groups:</td><td></td>
</tr><tr>
<td>Excluded groups:</td><td></td>
</tr>
</table><p/>
<small><i>(Hover the method name to see the test class name)</i></small><p/>
<table width='100%' border='1' class='invocation-failed'>
<tr><td colspan='4' align='center'><b>FAILED TESTS</b></td></tr>
<tr><td><b>Test method</b></td>
<td width="30%"><b>Exception</b></td>
<td width="10%"><b>Time (seconds)</b></td>
<td><b>Instance</b></td>
</tr>
<tr>
<td title='testcaseIMP.RegisterPageExtendsEX1.registerWithSubscriptionYes()'><b>registerWithSubscriptionYes</b><br>Test class: testcaseIMP.RegisterPageExtendsEX1</td>
<td><div><pre>java.lang.IllegalArgumentException: Keys to send should be a not null CharSequence
	at org.openqa.selenium.remote.RemoteWebElement.sendKeys(RemoteWebElement.java:96)
	at pages.RegRegisterPage.enterFirstName(RegRegisterPage.java:22)
	at testcaseIMP.RegisterPageExtendsEX1.registerWithSubscriptionYes(RegisterPageExtendsEX1.java:76)
... Removed 25 stack frames</pre></div><a href='#' onClick='toggleBox("stack-trace215614514", this, "Click to show all stack frames", "Click to hide stack frames")'>Click to show all stack frames</a>
<div class='stack-trace' id='stack-trace215614514'><pre>java.lang.IllegalArgumentException: Keys to send should be a not null CharSequence
	at org.openqa.selenium.remote.RemoteWebElement.sendKeys(RemoteWebElement.java:96)
	at pages.RegRegisterPage.enterFirstName(RegRegisterPage.java:22)
	at testcaseIMP.RegisterPageExtendsEX1.registerWithSubscriptionYes(RegisterPageExtendsEX1.java:76)
	at java.base/jdk.internal.reflect.NativeMethodAccessorImpl.invoke0(Native Method)
	at java.base/jdk.internal.reflect.NativeMethodAccessorImpl.invoke(NativeMethodAccessorImpl.java:77)
	at java.base/jdk.internal.reflect.DelegatingMethodAccessorImpl.invoke(DelegatingMethodAccessorImpl.java:43)
	at java.base/java.lang.reflect.Method.invoke(Method.java:568)
	at org.testng.internal.MethodInvocationHelper.invokeMethod(MethodInvocationHelper.java:108)
	at org.testng.internal.Invoker.invokeMethod(Invoker.java:661)
	at org.testng.internal.Invoker.invokeTestMethod(Invoker.java:869)
	at org.testng.internal.Invoker.invokeTestMethods(Invoker.java:1193)
	at org.testng.internal.TestMethodWorker.invokeTestMethods(TestMethodWorker.java:126)
	at org.testng.internal.TestMethodWorker.run(TestMethodWorker.java:109)
	at org.testng.TestRunner.privateRun(TestRunner.java:744)
	at org.testng.TestRunner.run(TestRunner.java:602)
	at org.testng.SuiteRunner.runTest(SuiteRunner.java:380)
	at org.testng.SuiteRunner.runSequentially(SuiteRunner.java:375)
	at org.testng.SuiteRunner.privateRun(SuiteRunner.java:340)
	at org.testng.SuiteRunner.run(SuiteRunner.java:289)
	at org.testng.SuiteRunnerWorker.runSuite(SuiteRunnerWorker.java:52)
	at org.testng.SuiteRunnerWorker.run(SuiteRunnerWorker.java:86)
	at org.testng.TestNG.runSuitesSequentially(TestNG.java:1301)
	at org.testng.TestNG.runSuitesLocally(TestNG.java:1226)
	at org.testng.TestNG.runSuites(TestNG.java:1144)
	at org.testng.TestNG.run(TestNG.java:1115)
	at org.testng.remote.AbstractRemoteTestNG.run(AbstractRemoteTestNG.java:115)
	at org.testng.remote.RemoteTestNG.initAndRun(RemoteTestNG.java:251)
	at org.testng.remote.RemoteTestNG.main(RemoteTestNG.java:77)
</pre></div></td>
<td>0</td>
<td>testcaseIMP.RegisterPageExtendsEX1@41c2284a</td></tr>
<tr>
<td title='testcaseIMP.RegisterPageExtendsEX1.validInformationAndRegister()'><b>validInformationAndRegister</b><br>Test class: testcaseIMP.RegisterPageExtendsEX1</td>
<td><div><pre>java.lang.IllegalArgumentException: Keys to send should be a not null CharSequence
	at org.openqa.selenium.remote.RemoteWebElement.sendKeys(RemoteWebElement.java:96)
	at pages.RegRegisterPage.enterFirstName(RegRegisterPage.java:22)
	at testcaseIMP.RegisterPageExtendsEX1.validInformationAndRegister(RegisterPageExtendsEX1.java:38)
... Removed 25 stack frames</pre></div><a href='#' onClick='toggleBox("stack-trace1303362110", this, "Click to show all stack frames", "Click to hide stack frames")'>Click to show all stack frames</a>
<div class='stack-trace' id='stack-trace1303362110'><pre>java.lang.IllegalArgumentException: Keys to send should be a not null CharSequence
	at org.openqa.selenium.remote.RemoteWebElement.sendKeys(RemoteWebElement.java:96)
	at pages.RegRegisterPage.enterFirstName(RegRegisterPage.java:22)
	at testcaseIMP.RegisterPageExtendsEX1.validInformationAndRegister(RegisterPageExtendsEX1.java:38)
	at java.base/jdk.internal.reflect.NativeMethodAccessorImpl.invoke0(Native Method)
	at java.base/jdk.internal.reflect.NativeMethodAccessorImpl.invoke(NativeMethodAccessorImpl.java:77)
	at java.base/jdk.internal.reflect.DelegatingMethodAccessorImpl.invoke(DelegatingMethodAccessorImpl.java:43)
	at java.base/java.lang.reflect.Method.invoke(Method.java:568)
	at org.testng.internal.MethodInvocationHelper.invokeMethod(MethodInvocationHelper.java:108)
	at org.testng.internal.Invoker.invokeMethod(Invoker.java:661)
	at org.testng.internal.Invoker.invokeTestMethod(Invoker.java:869)
	at org.testng.internal.Invoker.invokeTestMethods(Invoker.java:1193)
	at org.testng.internal.TestMethodWorker.invokeTestMethods(TestMethodWorker.java:126)
	at org.testng.internal.TestMethodWorker.run(TestMethodWorker.java:109)
	at org.testng.TestRunner.privateRun(TestRunner.java:744)
	at org.testng.TestRunner.run(TestRunner.java:602)
	at org.testng.SuiteRunner.runTest(SuiteRunner.java:380)
	at org.testng.SuiteRunner.runSequentially(SuiteRunner.java:375)
	at org.testng.SuiteRunner.privateRun(SuiteRunner.java:340)
	at org.testng.SuiteRunner.run(SuiteRunner.java:289)
	at org.testng.SuiteRunnerWorker.runSuite(SuiteRunnerWorker.java:52)
	at org.testng.SuiteRunnerWorker.run(SuiteRunnerWorker.java:86)
	at org.testng.TestNG.runSuitesSequentially(TestNG.java:1301)
	at org.testng.TestNG.runSuitesLocally(TestNG.java:1226)
	at org.testng.TestNG.runSuites(TestNG.java:1144)
	at org.testng.TestNG.run(TestNG.java:1115)
	at org.testng.remote.AbstractRemoteTestNG.run(AbstractRemoteTestNG.java:115)
	at org.testng.remote.RemoteTestNG.initAndRun(RemoteTestNG.java:251)
	at org.testng.remote.RemoteTestNG.main(RemoteTestNG.java:77)
</pre></div></td>
<td>0</td>
<td>testcaseIMP.RegisterPageExtendsEX1@41c2284a</td></tr>
</table><p>
<table width='100%' border='1' class='invocation-passed'>
<tr><td colspan='4' align='center'><b>PASSED TESTS</b></td></tr>
<tr><td><b>Test method</b></td>
<td width="30%"><b>Exception</b></td>
<td width="10%"><b>Time (seconds)</b></td>
<td><b>Instance</b></td>
</tr>
<tr>
<td title='testcaseIMP.LoginTestExtendsFromBase.loginWithInvalidUserNameAndValidPassword()'><b>loginWithInvalidUserNameAndValidPassword</b><br>Test class: testcaseIMP.LoginTestExtendsFromBase</td>
<td></td>
<td>1</td>
<td>testcaseIMP.LoginTestExtendsFromBase@6497b078</td></tr>
<tr>
<td title='testcaseIMP.LoginTestExtendsFromBase.loginWithValidUserNameAndInvalidPAssword()'><b>loginWithValidUserNameAndInvalidPAssword</b><br>Test class: testcaseIMP.LoginTestExtendsFromBase</td>
<td></td>
<td>1</td>
<td>testcaseIMP.LoginTestExtendsFromBase@6497b078</td></tr>
<tr>
<td title='testcaseIMP.LoginTestExtendsFromBase.loginWithValidUserNameAndPassword()'><b>loginWithValidUserNameAndPassword</b><br>Test class: testcaseIMP.LoginTestExtendsFromBase</td>
<td></td>
<td>3</td>
<td>testcaseIMP.LoginTestExtendsFromBase@6497b078</td></tr>
<tr>
<td title='testcaseIMP.LoginTestExtendsFromBase.loginWithoutUserNameAndPAssword()'><b>loginWithoutUserNameAndPAssword</b><br>Test class: testcaseIMP.LoginTestExtendsFromBase</td>
<td></td>
<td>1</td>
<td>testcaseIMP.LoginTestExtendsFromBase@6497b078</td></tr>
<tr>
<td title='testcaseIMP.RegisterPageExtendsEX1.registerWithWithoutAnyInformation()'><b>registerWithWithoutAnyInformation</b><br>Test class: testcaseIMP.RegisterPageExtendsEX1</td>
<td></td>
<td>1</td>
<td>testcaseIMP.RegisterPageExtendsEX1@41c2284a</td></tr>
</table><p>
</body>
</html>