<?xml version="1.0" encoding="UTF-8"?>
<!-- Generated by org.testng.reporters.JUnitXMLReporter -->
<testsuite ignored="0" hostname="ALNV4AQ" failures="2" tests="7" name="Test" time="140.823" errors="0" timestamp="05 May 2024 13:34:09 GMT">
  <testcase classname="testcaseIMP.LoginTestExtendsFromBase" name="loginWithInvalidUserNameAndValidPassword" time="1.946"/>
  <testcase classname="testcaseIMP.LoginTestExtendsFromBase" name="loginWithValidUserNameAndInvalidPAssword" time="1.821"/>
  <testcase classname="testcaseIMP.LoginTestExtendsFromBase" name="loginWithValidUserNameAndPassword" time="3.592"/>
  <testcase classname="testcaseIMP.LoginTestExtendsFromBase" name="loginWithoutUserNameAndPAssword" time="1.056"/>
  <testcase classname="testcaseIMP.RegisterPageExtendsEX1" name="registerWithSubscriptionYes" time="0.051">
    <failure type="java.lang.IllegalArgumentException" message="Keys to send should be a not null CharSequence">
      <![CDATA[java.lang.IllegalArgumentException: Keys to send should be a not null CharSequence
	at org.openqa.selenium.remote.RemoteWebElement.sendKeys(RemoteWebElement.java:96)
	at pages.RegRegisterPage.enterFirstName(RegRegisterPage.java:22)
	at testcaseIMP.RegisterPageExtendsEX1.registerWithSubscriptionYes(RegisterPageExtendsEX1.java:76)
... Removed 25 stack frames]]>
    </failure>
  </testcase> <!-- registerWithSubscriptionYes -->
  <testcase classname="testcaseIMP.RegisterPageExtendsEX1" name="registerWithWithoutAnyInformation" time="1.178"/>
  <testcase classname="testcaseIMP.RegisterPageExtendsEX1" name="validInformationAndRegister" time="0.037">
    <failure type="java.lang.IllegalArgumentException" message="Keys to send should be a not null CharSequence">
      <![CDATA[java.lang.IllegalArgumentException: Keys to send should be a not null CharSequence
	at org.openqa.selenium.remote.RemoteWebElement.sendKeys(RemoteWebElement.java:96)
	at pages.RegRegisterPage.enterFirstName(RegRegisterPage.java:22)
	at testcaseIMP.RegisterPageExtendsEX1.validInformationAndRegister(RegisterPageExtendsEX1.java:38)
... Removed 25 stack frames]]>
    </failure>
  </testcase> <!-- validInformationAndRegister -->
</testsuite> <!-- Test -->
